<?xml version="1.0" encoding="UTF-8"?>
<robot generator="Robot 3.1.2 (Python 3.8.2 on win32)" generated="20200422 17:55:00.883" rpa="false">
<suite id="s1" name="TestRepo" source="C:\TestRobot\TestRepo">
<suite id="s1-s1" name="Test" source="C:\TestRobot\TestRepo\Test">
<suite id="s1-s1-s1" name="TestSuit1" source="C:\TestRobot\TestRepo\Test\TestSuit1.robot">
<kw name="Log" library="BuiltIn" type="setup">
<doc>Logs the given message with the given level.</doc>
<arguments>
<arg>I am inside a Suite Setup</arg>
</arguments>
<msg timestamp="20200422 17:55:01.137" level="INFO">I am inside a Suite Setup</msg>
<status status="PASS" starttime="20200422 17:55:01.136" endtime="20200422 17:55:01.138"></status>
</kw>
<test id="s1-s1-s1-t1" name="MyFirstTestcase">
<kw name="Log" library="BuiltIn" type="setup">
<doc>Logs the given message with the given level.</doc>
<arguments>
<arg>I am inside a Test Setup</arg>
</arguments>
<msg timestamp="20200422 17:55:01.140" level="INFO">I am inside a Test Setup</msg>
<status status="PASS" starttime="20200422 17:55:01.139" endtime="20200422 17:55:01.140"></status>
</kw>
<kw name="Log" library="BuiltIn">
<doc>Logs the given message with the given level.</doc>
<arguments>
<arg>Hello World...</arg>
</arguments>
<msg timestamp="20200422 17:55:01.141" level="INFO">Hello World...</msg>
<status status="PASS" starttime="20200422 17:55:01.140" endtime="20200422 17:55:01.141"></status>
</kw>
<kw name="Log" library="BuiltIn" type="teardown">
<doc>Logs the given message with the given level.</doc>
<arguments>
<arg>I am inside a Test Teardown</arg>
</arguments>
<msg timestamp="20200422 17:55:01.141" level="INFO">I am inside a Test Teardown</msg>
<status status="PASS" starttime="20200422 17:55:01.141" endtime="20200422 17:55:01.142"></status>
</kw>
<tags>
<tag>MyOnlyTag</tag>
</tags>
<status status="PASS" starttime="20200422 17:55:01.138" endtime="20200422 17:55:01.142" critical="yes"></status>
</test>
<test id="s1-s1-s1-t2" name="MyFirstSeleniumTest">
<kw name="Log" library="BuiltIn" type="setup">
<doc>Logs the given message with the given level.</doc>
<arguments>
<arg>I am inside a Test Setup</arg>
</arguments>
<msg timestamp="20200422 17:55:01.144" level="INFO">I am inside a Test Setup</msg>
<status status="PASS" starttime="20200422 17:55:01.144" endtime="20200422 17:55:01.144"></status>
</kw>
<kw name="Set Tags" library="BuiltIn">
<doc>Adds given ``tags`` for the current test or all tests in a suite.</doc>
<arguments>
<arg>RegressionTest</arg>
</arguments>
<msg timestamp="20200422 17:55:01.146" level="INFO">Set tag 'RegressionTest'.</msg>
<status status="PASS" starttime="20200422 17:55:01.145" endtime="20200422 17:55:01.146"></status>
</kw>
<kw name="Remove Tags" library="BuiltIn">
<doc>Removes given ``tags`` from the current test or all tests in a suite.</doc>
<arguments>
<arg>RegressionTest</arg>
</arguments>
<msg timestamp="20200422 17:55:01.147" level="INFO">Removed tag 'RegressionTest'.</msg>
<status status="PASS" starttime="20200422 17:55:01.146" endtime="20200422 17:55:01.147"></status>
</kw>
<kw name="Open Browser" library="SeleniumLibrary">
<doc>Opens a new browser instance to the optional ``url``.</doc>
<arguments>
<arg>https:www.google.de</arg>
<arg>chrome</arg>
</arguments>
<msg timestamp="20200422 17:55:01.148" level="INFO">Opening browser 'chrome' to base url 'https:www.google.de'.</msg>
<status status="PASS" starttime="20200422 17:55:01.148" endtime="20200422 17:55:06.993"></status>
</kw>
<kw name="Set Browser Implicit Wait" library="SeleniumLibrary">
<doc>Sets the implicit wait value used by Selenium.</doc>
<arguments>
<arg>5</arg>
</arguments>
<status status="PASS" starttime="20200422 17:55:06.995" endtime="20200422 17:55:07.000"></status>
</kw>
<kw name="Input Text" library="SeleniumLibrary">
<doc>Types the given ``text`` into the text field identified by ``locator``.</doc>
<arguments>
<arg>name=q</arg>
<arg>Hasan Toha</arg>
</arguments>
<msg timestamp="20200422 17:55:07.002" level="INFO">Typing text 'Hasan Toha' into text field 'name=q'.</msg>
<status status="PASS" starttime="20200422 17:55:07.001" endtime="20200422 17:55:07.486"></status>
</kw>
<kw name="Press Keys" library="SeleniumLibrary">
<doc>Simulates the user pressing key(s) to an element or on the active browser.</doc>
<arguments>
<arg>name=q</arg>
<arg>ENTER</arg>
</arguments>
<msg timestamp="20200422 17:55:07.488" level="INFO">Sending key(s) ('ENTER',) to name=q element.</msg>
<msg timestamp="20200422 17:55:07.776" level="INFO">Pressing special key ENTER to element.</msg>
<msg timestamp="20200422 17:55:07.777" level="INFO">Releasing special key ENTER.</msg>
<status status="PASS" starttime="20200422 17:55:07.487" endtime="20200422 17:55:09.396"></status>
</kw>
<kw name="Sleep" library="BuiltIn">
<doc>Pauses the test executed for the given time.</doc>
<arguments>
<arg>2</arg>
</arguments>
<msg timestamp="20200422 17:55:11.397" level="INFO">Slept 2 seconds</msg>
<status status="PASS" starttime="20200422 17:55:09.396" endtime="20200422 17:55:11.397"></status>
</kw>
<kw name="Close Browser" library="SeleniumLibrary">
<doc>Closes the current browser.</doc>
<status status="PASS" starttime="20200422 17:55:11.397" endtime="20200422 17:55:13.616"></status>
</kw>
<kw name="Log" library="BuiltIn">
<doc>Logs the given message with the given level.</doc>
<arguments>
<arg>Test1 Completed</arg>
</arguments>
<msg timestamp="20200422 17:55:13.617" level="INFO">Test1 Completed</msg>
<status status="PASS" starttime="20200422 17:55:13.617" endtime="20200422 17:55:13.617"></status>
</kw>
<kw name="Log" library="BuiltIn" type="teardown">
<doc>Logs the given message with the given level.</doc>
<arguments>
<arg>I am inside a Test Teardown</arg>
</arguments>
<msg timestamp="20200422 17:55:13.618" level="INFO">I am inside a Test Teardown</msg>
<status status="PASS" starttime="20200422 17:55:13.618" endtime="20200422 17:55:13.619"></status>
</kw>
<tags>
<tag>MyDefaultTag</tag>
</tags>
<status status="PASS" starttime="20200422 17:55:01.143" endtime="20200422 17:55:13.619" critical="yes"></status>
</test>
<test id="s1-s1-s1-t3" name="MyFirstLoginTest">
<kw name="Log" library="BuiltIn" type="setup">
<doc>Logs the given message with the given level.</doc>
<arguments>
<arg>I am inside a Test Setup</arg>
</arguments>
<msg timestamp="20200422 17:55:13.621" level="INFO">I am inside a Test Setup</msg>
<status status="PASS" starttime="20200422 17:55:13.620" endtime="20200422 17:55:13.621"></status>
</kw>
<kw name="Open Browser" library="SeleniumLibrary">
<doc>Opens a new browser instance to the optional ``url``.</doc>
<arguments>
<arg>${URL}</arg>
<arg>chrome</arg>
</arguments>
<msg timestamp="20200422 17:55:13.622" level="INFO">Opening browser 'chrome' to base url 'https://opensource-demo.orangehrmlive.com/index.php/auth/login'.</msg>
<status status="PASS" starttime="20200422 17:55:13.621" endtime="20200422 17:55:19.717"></status>
</kw>
<kw name="Set Browser Implicit Wait" library="SeleniumLibrary">
<doc>Sets the implicit wait value used by Selenium.</doc>
<arguments>
<arg>5</arg>
</arguments>
<status status="PASS" starttime="20200422 17:55:19.718" endtime="20200422 17:55:19.721"></status>
</kw>
<kw name="LoginKeyword">
<doc>Wir geben hier die Login Daten ein und
Drückern anschließend den Button</doc>
<kw name="Input Text" library="SeleniumLibrary">
<doc>Types the given ``text`` into the text field identified by ``locator``.</doc>
<arguments>
<arg>id=txtUsername</arg>
<arg>@{LoginDaten}[0]</arg>
</arguments>
<msg timestamp="20200422 17:55:19.723" level="INFO">Typing text 'Admin' into text field 'id=txtUsername'.</msg>
<status status="PASS" starttime="20200422 17:55:19.722" endtime="20200422 17:55:19.861"></status>
</kw>
<kw name="Input Text" library="SeleniumLibrary">
<doc>Types the given ``text`` into the text field identified by ``locator``.</doc>
<arguments>
<arg>id=txtPassword</arg>
<arg>&amp;{BenutzerDaten}[Passwort]</arg>
</arguments>
<msg timestamp="20200422 17:55:19.861" level="INFO">Typing text 'admin123' into text field 'id=txtPassword'.</msg>
<status status="PASS" starttime="20200422 17:55:19.861" endtime="20200422 17:55:19.968"></status>
</kw>
<kw name="Click Button" library="SeleniumLibrary">
<doc>Clicks the button identified by ``locator``.</doc>
<arguments>
<arg>id=btnLogin</arg>
</arguments>
<msg timestamp="20200422 17:55:19.970" level="INFO">Clicking button 'id=btnLogin'.</msg>
<status status="PASS" starttime="20200422 17:55:19.969" endtime="20200422 17:55:21.445"></status>
</kw>
<status status="PASS" starttime="20200422 17:55:19.721" endtime="20200422 17:55:21.446"></status>
</kw>
<kw name="Sleep" library="BuiltIn">
<doc>Pauses the test executed for the given time.</doc>
<arguments>
<arg>1</arg>
</arguments>
<msg timestamp="20200422 17:55:22.449" level="INFO">Slept 1 second</msg>
<status status="PASS" starttime="20200422 17:55:21.446" endtime="20200422 17:55:22.449"></status>
</kw>
<kw name="Click Element" library="SeleniumLibrary">
<doc>Click the element identified by ``locator``.</doc>
<arguments>
<arg>id=welcome</arg>
</arguments>
<msg timestamp="20200422 17:55:22.450" level="INFO">Clicking element 'id=welcome'.</msg>
<status status="PASS" starttime="20200422 17:55:22.450" endtime="20200422 17:55:22.835"></status>
</kw>
<kw name="Click Element" library="SeleniumLibrary">
<doc>Click the element identified by ``locator``.</doc>
<arguments>
<arg>link=Uitloggen</arg>
</arguments>
<msg timestamp="20200422 17:55:22.836" level="INFO">Clicking element 'link=Uitloggen'.</msg>
<kw name="Capture Page Screenshot" library="SeleniumLibrary">
<doc>Takes a screenshot of the current page and embeds it into a log file.</doc>
<msg timestamp="20200422 17:55:26.438" level="FAIL">NoSuchWindowException: Message: no such window: target window already closed
from unknown error: web view not found
  (Session info: chrome=81.0.4044.113)
</msg>
<status status="FAIL" starttime="20200422 17:55:26.425" endtime="20200422 17:55:26.438"></status>
</kw>
<msg timestamp="20200422 17:55:26.439" level="WARN">Keyword 'Capture Page Screenshot' could not be run on failure: NoSuchWindowException: Message: no such window: target window already closed
from unknown error: web view not found
  (Session info: chrome=81.0.4044.113)
</msg>
<msg timestamp="20200422 17:55:26.446" level="FAIL">Element with locator 'link=Uitloggen' not found.</msg>
<status status="FAIL" starttime="20200422 17:55:22.835" endtime="20200422 17:55:26.450"></status>
</kw>
<kw name="Log" library="BuiltIn" type="teardown">
<doc>Logs the given message with the given level.</doc>
<arguments>
<arg>I am inside a Test Teardown</arg>
</arguments>
<msg timestamp="20200422 17:55:26.452" level="INFO">I am inside a Test Teardown</msg>
<status status="PASS" starttime="20200422 17:55:26.451" endtime="20200422 17:55:26.452"></status>
</kw>
<doc>My First Login Demo
And Further more to come</doc>
<tags>
<tag>MyDefaultTag</tag>
</tags>
<status status="FAIL" starttime="20200422 17:55:13.620" endtime="20200422 17:55:26.453" critical="yes">Element with locator 'link=Uitloggen' not found.</status>
</test>
<kw name="Log" library="BuiltIn" type="teardown">
<doc>Logs the given message with the given level.</doc>
<arguments>
<arg>I am inside a Suite Teardown</arg>
</arguments>
<msg timestamp="20200422 17:55:26.455" level="INFO">I am inside a Suite Teardown</msg>
<status status="PASS" starttime="20200422 17:55:26.455" endtime="20200422 17:55:26.455"></status>
</kw>
<doc>Some Usefull Keyboard short-cuts:
Press CTR + Shift + / to comment a section</doc>
<status status="FAIL" starttime="20200422 17:55:00.950" endtime="20200422 17:55:26.456"></status>
</suite>
<status status="FAIL" starttime="20200422 17:55:00.947" endtime="20200422 17:55:26.463"></status>
</suite>
<status status="FAIL" starttime="20200422 17:55:00.920" endtime="20200422 17:55:26.470"></status>
</suite>
<statistics>
<total>
<stat pass="2" fail="1">Critical Tests</stat>
<stat pass="2" fail="1">All Tests</stat>
</total>
<tag>
<stat pass="1" fail="1">MyDefaultTag</stat>
<stat pass="1" fail="0">MyOnlyTag</stat>
</tag>
<suite>
<stat pass="2" fail="1" id="s1" name="TestRepo">TestRepo</stat>
<stat pass="2" fail="1" id="s1-s1" name="Test">TestRepo.Test</stat>
<stat pass="2" fail="1" id="s1-s1-s1" name="TestSuit1">TestRepo.Test.TestSuit1</stat>
</suite>
</statistics>
<errors>
<msg timestamp="20200422 17:55:26.439" level="WARN">Keyword 'Capture Page Screenshot' could not be run on failure: NoSuchWindowException: Message: no such window: target window already closed
from unknown error: web view not found
  (Session info: chrome=81.0.4044.113)
</msg>
</errors>
</robot>
